<?xml version="1.0" encoding="UTF-8"?>
<coverage generated="1698665910">
  <project timestamp="1698665910">
    <file name="/home/thomas/Dev/SelfHosted-GitLab/Organizations/Formations/OpenClassrooms/php_sf/Projets/todooooo/src/Controller/DefaultController.php">
      <class name="App\Controller\DefaultController" namespace="global">
        <metrics complexity="1" methods="1" coveredmethods="1" conditionals="0" coveredconditionals="0" statements="1" coveredstatements="1" elements="2" coveredelements="2"/>
      </class>
      <line num="25" type="method" name="indexAction" visibility="public" complexity="1" crap="1" count="3"/>
      <line num="28" type="stmt" count="3"/>
      <metrics loc="31" ncloc="20" classes="1" methods="1" coveredmethods="1" conditionals="0" coveredconditionals="0" statements="1" coveredstatements="1" elements="2" coveredelements="2"/>
    </file>
    <file name="/home/thomas/Dev/SelfHosted-GitLab/Organizations/Formations/OpenClassrooms/php_sf/Projets/todooooo/src/Controller/SecurityController.php">
      <class name="App\Controller\SecurityController" namespace="global">
        <metrics complexity="2" methods="1" coveredmethods="1" conditionals="0" coveredconditionals="0" statements="9" coveredstatements="9" elements="10" coveredelements="10"/>
      </class>
      <line num="28" type="method" name="loginAction" visibility="public" complexity="1" crap="1" count="6"/>
      <line num="32" type="stmt" count="6"/>
      <line num="33" type="stmt" count="6"/>
      <line num="35" type="stmt" count="6"/>
      <line num="36" type="stmt" count="6"/>
      <line num="37" type="stmt" count="6"/>
      <line num="38" type="stmt" count="6"/>
      <line num="39" type="stmt" count="6"/>
      <line num="40" type="stmt" count="6"/>
      <line num="41" type="stmt" count="6"/>
      <metrics loc="57" ncloc="36" classes="1" methods="1" coveredmethods="1" conditionals="0" coveredconditionals="0" statements="9" coveredstatements="9" elements="10" coveredelements="10"/>
    </file>
    <file name="/home/thomas/Dev/SelfHosted-GitLab/Organizations/Formations/OpenClassrooms/php_sf/Projets/todooooo/src/Controller/TaskController.php">
      <class name="App\Controller\TaskController" namespace="global">
        <metrics complexity="10" methods="6" coveredmethods="6" conditionals="0" coveredconditionals="0" statements="38" coveredstatements="38" elements="44" coveredelements="44"/>
      </class>
      <line num="23" type="method" name="__construct" visibility="public" complexity="1" crap="1" count="16"/>
      <line num="26" type="stmt" count="16"/>
      <line num="31" type="method" name="listAction" visibility="public" complexity="1" crap="1" count="3"/>
      <line num="34" type="stmt" count="3"/>
      <line num="36" type="stmt" count="3"/>
      <line num="37" type="stmt" count="3"/>
      <line num="38" type="stmt" count="3"/>
      <line num="39" type="stmt" count="3"/>
      <line num="49" type="method" name="createAction" visibility="public" complexity="3" crap="3" count="3"/>
      <line num="52" type="stmt" count="3"/>
      <line num="53" type="stmt" count="3"/>
      <line num="54" type="stmt" count="3"/>
      <line num="55" type="stmt" count="3"/>
      <line num="56" type="stmt" count="3"/>
      <line num="57" type="stmt" count="3"/>
      <line num="58" type="stmt" count="3"/>
      <line num="59" type="stmt" count="1"/>
      <line num="60" type="stmt" count="1"/>
      <line num="62" type="stmt" count="1"/>
      <line num="65" type="stmt" count="3"/>
      <line num="66" type="stmt" count="3"/>
      <line num="67" type="stmt" count="3"/>
      <line num="68" type="stmt" count="3"/>
      <line num="79" type="method" name="editAction" visibility="public" complexity="3" crap="3" count="6"/>
      <line num="83" type="stmt" count="6"/>
      <line num="84" type="stmt" count="6"/>
      <line num="86" type="stmt" count="6"/>
      <line num="87" type="stmt" count="1"/>
      <line num="88" type="stmt" count="1"/>
      <line num="90" type="stmt" count="1"/>
      <line num="93" type="stmt" count="6"/>
      <line num="94" type="stmt" count="6"/>
      <line num="95" type="stmt" count="6"/>
      <line num="96" type="stmt" count="6"/>
      <line num="106" type="method" name="toggleTaskAction" visibility="public" complexity="1" crap="1" count="2"/>
      <line num="110" type="stmt" count="2"/>
      <line num="111" type="stmt" count="2"/>
      <line num="113" type="stmt" count="2"/>
      <line num="123" type="method" name="deleteTaskAction" visibility="public" complexity="1" crap="1" count="2"/>
      <line num="127" type="stmt" count="2"/>
      <line num="128" type="stmt" count="2"/>
      <line num="130" type="stmt" count="2"/>
      <line num="131" type="stmt" count="2"/>
      <line num="132" type="stmt" count="2"/>
      <metrics loc="135" ncloc="100" classes="1" methods="6" coveredmethods="6" conditionals="0" coveredconditionals="0" statements="38" coveredstatements="38" elements="44" coveredelements="44"/>
    </file>
    <file name="/home/thomas/Dev/SelfHosted-GitLab/Organizations/Formations/OpenClassrooms/php_sf/Projets/todooooo/src/Controller/UserController.php">
      <class name="App\Controller\UserController" namespace="global">
        <metrics complexity="8" methods="4" coveredmethods="4" conditionals="0" coveredconditionals="0" statements="31" coveredstatements="31" elements="35" coveredelements="35"/>
      </class>
      <line num="28" type="method" name="__construct" visibility="public" complexity="1" crap="1" count="13"/>
      <line num="32" type="stmt" count="13"/>
      <line num="39" type="method" name="listAction" visibility="public" complexity="1" crap="1" count="1"/>
      <line num="43" type="stmt" count="1"/>
      <line num="44" type="stmt" count="1"/>
      <line num="45" type="stmt" count="1"/>
      <line num="46" type="stmt" count="1"/>
      <line num="56" type="method" name="createAction" visibility="public" complexity="3" crap="3" count="10"/>
      <line num="59" type="stmt" count="10"/>
      <line num="60" type="stmt" count="10"/>
      <line num="61" type="stmt" count="10"/>
      <line num="63" type="stmt" count="10"/>
      <line num="64" type="stmt" count="4"/>
      <line num="65" type="stmt" count="4"/>
      <line num="66" type="stmt" count="2"/>
      <line num="68" type="stmt" count="2"/>
      <line num="71" type="stmt" count="10"/>
      <line num="72" type="stmt" count="10"/>
      <line num="73" type="stmt" count="10"/>
      <line num="74" type="stmt" count="10"/>
      <line num="85" type="method" name="editAction" visibility="public" complexity="3" crap="3" count="2"/>
      <line num="88" type="stmt" count="2"/>
      <line num="89" type="stmt" count="2"/>
      <line num="90" type="stmt" count="2"/>
      <line num="91" type="stmt" count="2"/>
      <line num="92" type="stmt" count="2"/>
      <line num="93" type="stmt" count="2"/>
      <line num="95" type="stmt" count="2"/>
      <line num="98" type="stmt" count="2"/>
      <line num="99" type="stmt" count="2"/>
      <line num="100" type="stmt" count="2"/>
      <line num="101" type="stmt" count="2"/>
      <line num="102" type="stmt" count="2"/>
      <line num="103" type="stmt" count="2"/>
      <line num="104" type="stmt" count="2"/>
      <metrics loc="107" ncloc="87" classes="1" methods="4" coveredmethods="4" conditionals="0" coveredconditionals="0" statements="31" coveredstatements="31" elements="35" coveredelements="35"/>
    </file>
    <file name="/home/thomas/Dev/SelfHosted-GitLab/Organizations/Formations/OpenClassrooms/php_sf/Projets/todooooo/src/DataFixtures/AppFixtures.php">
      <class name="App\DataFixtures\AppFixtures" namespace="global">
        <metrics complexity="5" methods="0" coveredmethods="0" conditionals="0" coveredconditionals="0" statements="0" coveredstatements="0" elements="0" coveredelements="0"/>
      </class>
      <metrics loc="106" ncloc="82" classes="0" methods="0" coveredmethods="0" conditionals="0" coveredconditionals="0" statements="0" coveredstatements="0" elements="0" coveredelements="0"/>
    </file>
    <file name="/home/thomas/Dev/SelfHosted-GitLab/Organizations/Formations/OpenClassrooms/php_sf/Projets/todooooo/src/Entity/Task.php">
      <class name="App\Entity\Task" namespace="global">
        <metrics complexity="12" methods="12" coveredmethods="11" conditionals="0" coveredconditionals="0" statements="16" coveredstatements="14" elements="28" coveredelements="25"/>
      </class>
      <line num="62" type="method" name="__construct" visibility="public" complexity="1" crap="1" count="3"/>
      <line num="64" type="stmt" count="3"/>
      <line num="72" type="method" name="getId" visibility="public" complexity="1" crap="1" count="14"/>
      <line num="74" type="stmt" count="14"/>
      <line num="82" type="method" name="getCreatedAt" visibility="public" complexity="1" crap="1" count="1"/>
      <line num="84" type="stmt" count="1"/>
      <line num="94" type="method" name="setCreatedAt" visibility="public" complexity="1" crap="2" count="0"/>
      <line num="96" type="stmt" count="0"/>
      <line num="98" type="stmt" count="0"/>
      <line num="106" type="method" name="getTitle" visibility="public" complexity="1" crap="1" count="12"/>
      <line num="108" type="stmt" count="12"/>
      <line num="118" type="method" name="setTitle" visibility="public" complexity="1" crap="1" count="9"/>
      <line num="120" type="stmt" count="9"/>
      <line num="122" type="stmt" count="9"/>
      <line num="130" type="method" name="getContent" visibility="public" complexity="1" crap="1" count="10"/>
      <line num="132" type="stmt" count="10"/>
      <line num="142" type="method" name="setContent" visibility="public" complexity="1" crap="1" count="9"/>
      <line num="144" type="stmt" count="9"/>
      <line num="146" type="stmt" count="9"/>
      <line num="154" type="method" name="isDone" visibility="public" complexity="1" crap="1" count="5"/>
      <line num="156" type="stmt" count="5"/>
      <line num="164" type="method" name="toggle" visibility="public" complexity="1" crap="1" count="2"/>
      <line num="166" type="stmt" count="2"/>
      <line num="174" type="method" name="getUser" visibility="public" complexity="1" crap="1" count="7"/>
      <line num="176" type="stmt" count="7"/>
      <line num="186" type="method" name="setUser" visibility="public" complexity="1" crap="1" count="2"/>
      <line num="188" type="stmt" count="2"/>
      <line num="190" type="stmt" count="2"/>
      <metrics loc="193" ncloc="127" classes="1" methods="12" coveredmethods="11" conditionals="0" coveredconditionals="0" statements="16" coveredstatements="14" elements="28" coveredelements="25"/>
    </file>
    <file name="/home/thomas/Dev/SelfHosted-GitLab/Organizations/Formations/OpenClassrooms/php_sf/Projets/todooooo/src/Entity/User.php">
      <class name="App\Entity\User" namespace="global">
        <metrics complexity="11" methods="11" coveredmethods="10" conditionals="0" coveredconditionals="0" statements="16" coveredstatements="14" elements="27" coveredelements="24"/>
      </class>
      <line num="53" type="method" name="getUserIdentifier" visibility="public" complexity="1" crap="1" count="22"/>
      <line num="55" type="stmt" count="22"/>
      <line num="65" type="method" name="getRoles" visibility="public" complexity="1" crap="1" count="35"/>
      <line num="67" type="stmt" count="35"/>
      <line num="69" type="stmt" count="35"/>
      <line num="71" type="stmt" count="35"/>
      <line num="79" type="method" name="setRoles" visibility="public" complexity="1" crap="2" count="0"/>
      <line num="81" type="stmt" count="0"/>
      <line num="83" type="stmt" count="0"/>
      <line num="91" type="method" name="getId" visibility="public" complexity="1" crap="1" count="9"/>
      <line num="93" type="stmt" count="9"/>
      <line num="103" type="method" name="getUsername" visibility="public" complexity="1" crap="1" count="13"/>
      <line num="112" type="stmt" count="13"/>
      <line num="122" type="method" name="setUsername" visibility="public" complexity="1" crap="1" count="10"/>
      <line num="124" type="stmt" count="10"/>
      <line num="126" type="stmt" count="10"/>
      <line num="136" type="method" name="getPassword" visibility="public" complexity="1" crap="1" count="33"/>
      <line num="145" type="stmt" count="33"/>
      <line num="155" type="method" name="setPassword" visibility="public" complexity="1" crap="1" count="10"/>
      <line num="157" type="stmt" count="10"/>
      <line num="159" type="stmt" count="10"/>
      <line num="165" type="method" name="eraseCredentials" visibility="public" complexity="1" crap="1" count="2"/>
      <line num="171" type="stmt" count="2"/>
      <line num="180" type="method" name="getEmail" visibility="public" complexity="1" crap="1" count="13"/>
      <line num="189" type="stmt" count="13"/>
      <line num="197" type="method" name="setEmail" visibility="public" complexity="1" crap="1" count="10"/>
      <line num="199" type="stmt" count="10"/>
      <metrics loc="202" ncloc="126" classes="1" methods="11" coveredmethods="10" conditionals="0" coveredconditionals="0" statements="16" coveredstatements="14" elements="27" coveredelements="24"/>
    </file>
    <file name="/home/thomas/Dev/SelfHosted-GitLab/Organizations/Formations/OpenClassrooms/php_sf/Projets/todooooo/src/Form/TaskType.php">
      <class name="App\Form\TaskType" namespace="global">
        <metrics complexity="2" methods="2" coveredmethods="2" conditionals="0" coveredconditionals="0" statements="24" coveredstatements="24" elements="26" coveredelements="26"/>
      </class>
      <line num="24" type="method" name="buildForm" visibility="public" complexity="1" crap="1" count="9"/>
      <line num="28" type="stmt" count="9"/>
      <line num="29" type="stmt" count="9"/>
      <line num="30" type="stmt" count="9"/>
      <line num="31" type="stmt" count="9"/>
      <line num="32" type="stmt" count="9"/>
      <line num="33" type="stmt" count="9"/>
      <line num="34" type="stmt" count="9"/>
      <line num="35" type="stmt" count="9"/>
      <line num="36" type="stmt" count="9"/>
      <line num="37" type="stmt" count="9"/>
      <line num="38" type="stmt" count="9"/>
      <line num="39" type="stmt" count="9"/>
      <line num="40" type="stmt" count="9"/>
      <line num="41" type="stmt" count="9"/>
      <line num="42" type="stmt" count="9"/>
      <line num="43" type="stmt" count="9"/>
      <line num="44" type="stmt" count="9"/>
      <line num="45" type="stmt" count="9"/>
      <line num="46" type="stmt" count="9"/>
      <line num="47" type="stmt" count="9"/>
      <line num="48" type="stmt" count="9"/>
      <line num="56" type="method" name="configureOptions" visibility="public" complexity="1" crap="1" count="9"/>
      <line num="58" type="stmt" count="9"/>
      <line num="59" type="stmt" count="9"/>
      <line num="60" type="stmt" count="9"/>
      <metrics loc="63" ncloc="50" classes="1" methods="2" coveredmethods="2" conditionals="0" coveredconditionals="0" statements="24" coveredstatements="24" elements="26" coveredelements="26"/>
    </file>
    <file name="/home/thomas/Dev/SelfHosted-GitLab/Organizations/Formations/OpenClassrooms/php_sf/Projets/todooooo/src/Form/UserType.php">
      <class name="App\Form\UserType" namespace="global">
        <metrics complexity="10" methods="6" coveredmethods="6" conditionals="0" coveredconditionals="0" statements="58" coveredstatements="58" elements="64" coveredelements="64"/>
      </class>
      <line num="26" type="method" name="buildForm" visibility="public" complexity="1" crap="1" count="12"/>
      <line num="30" type="stmt" count="12"/>
      <line num="31" type="stmt" count="12"/>
      <line num="32" type="stmt" count="12"/>
      <line num="33" type="stmt" count="12"/>
      <line num="41" type="method" name="addUsernameField" visibility="private" complexity="1" crap="1" count="12"/>
      <line num="43" type="stmt" count="12"/>
      <line num="44" type="stmt" count="12"/>
      <line num="45" type="stmt" count="12"/>
      <line num="46" type="stmt" count="12"/>
      <line num="47" type="stmt" count="12"/>
      <line num="48" type="stmt" count="12"/>
      <line num="49" type="stmt" count="12"/>
      <line num="57" type="method" name="addPasswordField" visibility="private" complexity="1" crap="1" count="12"/>
      <line num="59" type="stmt" count="12"/>
      <line num="60" type="stmt" count="12"/>
      <line num="61" type="stmt" count="12"/>
      <line num="62" type="stmt" count="12"/>
      <line num="63" type="stmt" count="12"/>
      <line num="64" type="stmt" count="12"/>
      <line num="65" type="stmt" count="12"/>
      <line num="66" type="stmt" count="12"/>
      <line num="67" type="stmt" count="12"/>
      <line num="68" type="stmt" count="12"/>
      <line num="69" type="stmt" count="12"/>
      <line num="77" type="method" name="addRolesField" visibility="private" complexity="1" crap="1" count="12"/>
      <line num="79" type="stmt" count="12"/>
      <line num="80" type="stmt" count="12"/>
      <line num="81" type="stmt" count="12"/>
      <line num="82" type="stmt" count="12"/>
      <line num="83" type="stmt" count="12"/>
      <line num="84" type="stmt" count="12"/>
      <line num="85" type="stmt" count="12"/>
      <line num="86" type="stmt" count="12"/>
      <line num="87" type="stmt" count="12"/>
      <line num="88" type="stmt" count="12"/>
      <line num="89" type="stmt" count="12"/>
      <line num="90" type="stmt" count="12"/>
      <line num="91" type="stmt" count="12"/>
      <line num="92" type="stmt" count="12"/>
      <line num="100" type="method" name="addEmailField" visibility="private" complexity="1" crap="1" count="12"/>
      <line num="102" type="stmt" count="12"/>
      <line num="103" type="stmt" count="12"/>
      <line num="104" type="stmt" count="12"/>
      <line num="105" type="stmt" count="12"/>
      <line num="106" type="stmt" count="12"/>
      <line num="107" type="stmt" count="12"/>
      <line num="108" type="stmt" count="12"/>
      <line num="118" type="method" name="addRolesTransformer" visibility="private" complexity="5" crap="5" count="12"/>
      <line num="120" type="stmt" count="12"/>
      <line num="121" type="stmt" count="12"/>
      <line num="122" type="stmt" count="12"/>
      <line num="123" type="stmt" count="12"/>
      <line num="126" type="stmt" count="12"/>
      <line num="127" type="stmt" count="12"/>
      <line num="128" type="stmt" count="12"/>
      <line num="129" type="stmt" count="12"/>
      <line num="130" type="stmt" count="12"/>
      <line num="131" type="stmt" count="12"/>
      <line num="132" type="stmt" count="12"/>
      <line num="134" type="stmt" count="12"/>
      <line num="135" type="stmt" count="12"/>
      <line num="136" type="stmt" count="12"/>
      <line num="137" type="stmt" count="12"/>
      <metrics loc="140" ncloc="102" classes="1" methods="6" coveredmethods="6" conditionals="0" coveredconditionals="0" statements="58" coveredstatements="58" elements="64" coveredelements="64"/>
    </file>
    <file name="/home/thomas/Dev/SelfHosted-GitLab/Organizations/Formations/OpenClassrooms/php_sf/Projets/todooooo/src/Handler/TaskHandler.php">
      <class name="App\Handler\TaskHandler" namespace="global">
        <metrics complexity="8" methods="6" coveredmethods="6" conditionals="0" coveredconditionals="0" statements="22" coveredstatements="22" elements="28" coveredelements="28"/>
      </class>
      <line num="20" type="method" name="__construct" visibility="public" complexity="1" crap="1" count="16"/>
      <line num="24" type="stmt" count="16"/>
      <line num="32" type="method" name="saveTask" visibility="public" complexity="2" crap="2" count="2"/>
      <line num="35" type="stmt" count="2"/>
      <line num="36" type="stmt" count="1"/>
      <line num="40" type="stmt" count="2"/>
      <line num="42" type="stmt" count="2"/>
      <line num="52" type="method" name="toggleTask" visibility="public" complexity="1" crap="1" count="2"/>
      <line num="54" type="stmt" count="2"/>
      <line num="55" type="stmt" count="2"/>
      <line num="57" type="stmt" count="2"/>
      <line num="65" type="method" name="deleteTask" visibility="public" complexity="1" crap="1" count="2"/>
      <line num="67" type="stmt" count="2"/>
      <line num="75" type="method" name="getTasksForCurrentUser" visibility="public" complexity="1" crap="1" count="3"/>
      <line num="77" type="stmt" count="3"/>
      <line num="79" type="stmt" count="3"/>
      <line num="80" type="stmt" count="3"/>
      <line num="81" type="stmt" count="3"/>
      <line num="82" type="stmt" count="3"/>
      <line num="83" type="stmt" count="3"/>
      <line num="84" type="stmt" count="3"/>
      <line num="94" type="method" name="addTaskStatusFlash" visibility="private" complexity="2" crap="2" count="2"/>
      <line num="96" type="stmt" count="2"/>
      <line num="98" type="stmt" count="2"/>
      <line num="99" type="stmt" count="2"/>
      <line num="100" type="stmt" count="2"/>
      <line num="101" type="stmt" count="2"/>
      <line num="102" type="stmt" count="2"/>
      <metrics loc="105" ncloc="68" classes="1" methods="6" coveredmethods="6" conditionals="0" coveredconditionals="0" statements="22" coveredstatements="22" elements="28" coveredelements="28"/>
    </file>
    <file name="/home/thomas/Dev/SelfHosted-GitLab/Organizations/Formations/OpenClassrooms/php_sf/Projets/todooooo/src/Handler/TaskHandlerInterface.php">
      <metrics loc="49" ncloc="20" classes="0" methods="0" coveredmethods="0" conditionals="0" coveredconditionals="0" statements="0" coveredstatements="0" elements="0" coveredelements="0"/>
    </file>
    <file name="/home/thomas/Dev/SelfHosted-GitLab/Organizations/Formations/OpenClassrooms/php_sf/Projets/todooooo/src/Handler/UserHandler.php">
      <class name="App\Handler\UserHandler" namespace="global">
        <metrics complexity="4" methods="2" coveredmethods="2" conditionals="0" coveredconditionals="0" statements="6" coveredstatements="6" elements="8" coveredelements="8"/>
      </class>
      <line num="19" type="method" name="__construct" visibility="public" complexity="1" crap="1" count="13"/>
      <line num="23" type="stmt" count="13"/>
      <line num="40" type="method" name="manageUser" visibility="public" complexity="2" crap="2" count="5"/>
      <line num="42" type="stmt" count="5"/>
      <line num="48" type="stmt" count="5"/>
      <line num="49" type="stmt" count="5"/>
      <line num="50" type="stmt" count="5"/>
      <line num="51" type="stmt" count="5"/>
      <metrics loc="54" ncloc="38" classes="1" methods="2" coveredmethods="2" conditionals="0" coveredconditionals="0" statements="6" coveredstatements="6" elements="8" coveredelements="8"/>
    </file>
    <file name="/home/thomas/Dev/SelfHosted-GitLab/Organizations/Formations/OpenClassrooms/php_sf/Projets/todooooo/src/Handler/UserHandlerInterface.php">
      <metrics loc="35" ncloc="15" classes="0" methods="0" coveredmethods="0" conditionals="0" coveredconditionals="0" statements="0" coveredstatements="0" elements="0" coveredelements="0"/>
    </file>
    <file name="/home/thomas/Dev/SelfHosted-GitLab/Organizations/Formations/OpenClassrooms/php_sf/Projets/todooooo/src/Kernel.php">
      <class name="App\Kernel" namespace="global">
        <metrics complexity="0" methods="0" coveredmethods="0" conditionals="0" coveredconditionals="0" statements="0" coveredstatements="0" elements="0" coveredelements="0"/>
      </class>
      <metrics loc="14" ncloc="14" classes="0" methods="0" coveredmethods="0" conditionals="0" coveredconditionals="0" statements="0" coveredstatements="0" elements="0" coveredelements="0"/>
    </file>
    <file name="/home/thomas/Dev/SelfHosted-GitLab/Organizations/Formations/OpenClassrooms/php_sf/Projets/todooooo/src/Repository/TaskRepository.php">
      <class name="App\Repository\TaskRepository" namespace="global">
        <metrics complexity="3" methods="3" coveredmethods="3" conditionals="0" coveredconditionals="0" statements="6" coveredstatements="6" elements="9" coveredelements="9"/>
      </class>
      <line num="31" type="method" name="__construct" visibility="public" complexity="1" crap="1" count="16"/>
      <line num="33" type="stmt" count="16"/>
      <line num="34" type="stmt" count="16"/>
      <line num="42" type="method" name="save" visibility="public" complexity="1" crap="1" count="4"/>
      <line num="44" type="stmt" count="4"/>
      <line num="45" type="stmt" count="4"/>
      <line num="53" type="method" name="remove" visibility="public" complexity="1" crap="1" count="2"/>
      <line num="55" type="stmt" count="2"/>
      <line num="56" type="stmt" count="2"/>
      <metrics loc="59" ncloc="34" classes="1" methods="3" coveredmethods="3" conditionals="0" coveredconditionals="0" statements="6" coveredstatements="6" elements="9" coveredelements="9"/>
    </file>
    <file name="/home/thomas/Dev/SelfHosted-GitLab/Organizations/Formations/OpenClassrooms/php_sf/Projets/todooooo/src/Repository/UserRepository.php">
      <class name="App\Repository\UserRepository" namespace="global">
        <metrics complexity="5" methods="1" coveredmethods="1" conditionals="0" coveredconditionals="0" statements="2" coveredstatements="2" elements="3" coveredelements="3"/>
      </class>
      <line num="27" type="method" name="__construct" visibility="public" complexity="1" crap="1" count="13"/>
      <line num="29" type="stmt" count="13"/>
      <line num="30" type="stmt" count="13"/>
      <metrics loc="81" ncloc="53" classes="1" methods="1" coveredmethods="1" conditionals="0" coveredconditionals="0" statements="2" coveredstatements="2" elements="3" coveredelements="3"/>
    </file>
    <file name="/home/thomas/Dev/SelfHosted-GitLab/Organizations/Formations/OpenClassrooms/php_sf/Projets/todooooo/src/Security/TaskVoter.php">
      <class name="App\Security\TaskVoter" namespace="global">
        <metrics complexity="6" methods="2" coveredmethods="2" conditionals="0" coveredconditionals="0" statements="8" coveredstatements="8" elements="10" coveredelements="10"/>
      </class>
      <line num="26" type="method" name="supports" visibility="protected" complexity="2" crap="2" count="18"/>
      <line num="28" type="stmt" count="18"/>
      <line num="41" type="method" name="voteOnAttribute" visibility="protected" complexity="4" crap="4" count="14"/>
      <line num="46" type="stmt" count="14"/>
      <line num="48" type="stmt" count="14"/>
      <line num="55" type="stmt" count="14"/>
      <line num="56" type="stmt" count="8"/>
      <line num="60" type="stmt" count="6"/>
      <line num="63" type="stmt" count="6"/>
      <line num="70" type="stmt" count="6"/>
      <metrics loc="73" ncloc="45" classes="1" methods="2" coveredmethods="2" conditionals="0" coveredconditionals="0" statements="8" coveredstatements="8" elements="10" coveredelements="10"/>
    </file>
    <metrics files="17" loc="1504" ncloc="1017" classes="13" methods="57" coveredmethods="55" conditionals="0" coveredconditionals="0" statements="237" coveredstatements="233" elements="294" coveredelements="288"/>
  </project>
</coverage>
