<?xml version="1.0" encoding="UTF-8"?>
<coverage generated="1696939234">
  <project timestamp="1696939234">
    <file name="/home/thomas/Dev/SelfHosted-GitLab/Organizations/Formations/OpenClassrooms/php_sf/Projets/todooooo/src/Controller/DefaultController.php">
      <class name="App\Controller\DefaultController" namespace="global">
        <metrics complexity="1" methods="1" coveredmethods="1" conditionals="0" coveredconditionals="0" statements="1" coveredstatements="1" elements="2" coveredelements="2"/>
      </class>
      <line num="13" type="method" name="indexAction" visibility="public" complexity="1" crap="1" count="2"/>
      <line num="16" type="stmt" count="2"/>
      <metrics loc="19" ncloc="19" classes="1" methods="1" coveredmethods="1" conditionals="0" coveredconditionals="0" statements="1" coveredstatements="1" elements="2" coveredelements="2"/>
    </file>
    <file name="/home/thomas/Dev/SelfHosted-GitLab/Organizations/Formations/OpenClassrooms/php_sf/Projets/todooooo/src/Controller/SecurityController.php">
      <class name="App\Controller\SecurityController" namespace="global">
        <metrics complexity="2" methods="2" coveredmethods="1" conditionals="0" coveredconditionals="0" statements="10" coveredstatements="9" elements="12" coveredelements="10"/>
      </class>
      <line num="14" type="method" name="loginAction" visibility="public" complexity="1" crap="1" count="6"/>
      <line num="18" type="stmt" count="6"/>
      <line num="19" type="stmt" count="6"/>
      <line num="21" type="stmt" count="6"/>
      <line num="22" type="stmt" count="6"/>
      <line num="23" type="stmt" count="6"/>
      <line num="24" type="stmt" count="6"/>
      <line num="25" type="stmt" count="6"/>
      <line num="26" type="stmt" count="6"/>
      <line num="27" type="stmt" count="6"/>
      <line num="30" type="method" name="logoutAction" visibility="public" complexity="1" crap="2" count="0"/>
      <line num="33" type="stmt" count="0"/>
      <metrics loc="36" ncloc="36" classes="1" methods="2" coveredmethods="1" conditionals="0" coveredconditionals="0" statements="10" coveredstatements="9" elements="12" coveredelements="10"/>
    </file>
    <file name="/home/thomas/Dev/SelfHosted-GitLab/Organizations/Formations/OpenClassrooms/php_sf/Projets/todooooo/src/Controller/TaskController.php">
      <class name="App\Controller\TaskController" namespace="global">
        <metrics complexity="10" methods="6" coveredmethods="6" conditionals="0" coveredconditionals="0" statements="38" coveredstatements="38" elements="44" coveredelements="44"/>
      </class>
      <line num="23" type="method" name="__construct" visibility="public" complexity="1" crap="1" count="13"/>
      <line num="26" type="stmt" count="13"/>
      <line num="28" type="method" name="listAction" visibility="public" complexity="1" crap="1" count="2"/>
      <line num="34" type="stmt" count="2"/>
      <line num="36" type="stmt" count="2"/>
      <line num="37" type="stmt" count="2"/>
      <line num="38" type="stmt" count="2"/>
      <line num="39" type="stmt" count="2"/>
      <line num="42" type="method" name="createAction" visibility="public" complexity="3" crap="3" count="3"/>
      <line num="48" type="stmt" count="3"/>
      <line num="49" type="stmt" count="3"/>
      <line num="50" type="stmt" count="3"/>
      <line num="51" type="stmt" count="3"/>
      <line num="52" type="stmt" count="3"/>
      <line num="53" type="stmt" count="3"/>
      <line num="54" type="stmt" count="3"/>
      <line num="55" type="stmt" count="1"/>
      <line num="56" type="stmt" count="1"/>
      <line num="58" type="stmt" count="1"/>
      <line num="61" type="stmt" count="3"/>
      <line num="62" type="stmt" count="3"/>
      <line num="63" type="stmt" count="3"/>
      <line num="64" type="stmt" count="3"/>
      <line num="67" type="method" name="editAction" visibility="public" complexity="3" crap="3" count="3"/>
      <line num="78" type="stmt" count="3"/>
      <line num="79" type="stmt" count="3"/>
      <line num="81" type="stmt" count="3"/>
      <line num="82" type="stmt" count="1"/>
      <line num="83" type="stmt" count="1"/>
      <line num="85" type="stmt" count="1"/>
      <line num="88" type="stmt" count="3"/>
      <line num="89" type="stmt" count="3"/>
      <line num="90" type="stmt" count="3"/>
      <line num="91" type="stmt" count="3"/>
      <line num="94" type="method" name="toggleTaskAction" visibility="public" complexity="1" crap="1" count="2"/>
      <line num="105" type="stmt" count="2"/>
      <line num="106" type="stmt" count="2"/>
      <line num="108" type="stmt" count="2"/>
      <line num="111" type="method" name="deleteTaskAction" visibility="public" complexity="1" crap="1" count="2"/>
      <line num="122" type="stmt" count="2"/>
      <line num="123" type="stmt" count="2"/>
      <line num="125" type="stmt" count="2"/>
      <line num="126" type="stmt" count="2"/>
      <line num="127" type="stmt" count="2"/>
      <metrics loc="130" ncloc="130" classes="1" methods="6" coveredmethods="6" conditionals="0" coveredconditionals="0" statements="38" coveredstatements="38" elements="44" coveredelements="44"/>
    </file>
    <file name="/home/thomas/Dev/SelfHosted-GitLab/Organizations/Formations/OpenClassrooms/php_sf/Projets/todooooo/src/Controller/UserController.php">
      <class name="App\Controller\UserController" namespace="global">
        <metrics complexity="8" methods="4" coveredmethods="2" conditionals="0" coveredconditionals="0" statements="31" coveredstatements="13" elements="35" coveredelements="15"/>
      </class>
      <line num="24" type="method" name="__construct" visibility="public" complexity="1" crap="1" count="6"/>
      <line num="28" type="stmt" count="6"/>
      <line num="30" type="method" name="listAction" visibility="public" complexity="1" crap="2" count="0"/>
      <line num="41" type="stmt" count="0"/>
      <line num="42" type="stmt" count="0"/>
      <line num="43" type="stmt" count="0"/>
      <line num="44" type="stmt" count="0"/>
      <line num="47" type="method" name="createAction" visibility="public" complexity="3" crap="3" count="6"/>
      <line num="53" type="stmt" count="6"/>
      <line num="54" type="stmt" count="6"/>
      <line num="55" type="stmt" count="6"/>
      <line num="57" type="stmt" count="6"/>
      <line num="58" type="stmt" count="3"/>
      <line num="59" type="stmt" count="3"/>
      <line num="60" type="stmt" count="1"/>
      <line num="62" type="stmt" count="1"/>
      <line num="65" type="stmt" count="6"/>
      <line num="66" type="stmt" count="6"/>
      <line num="67" type="stmt" count="6"/>
      <line num="68" type="stmt" count="6"/>
      <line num="71" type="method" name="editAction" visibility="public" complexity="3" crap="12" count="0"/>
      <line num="77" type="stmt" count="0"/>
      <line num="78" type="stmt" count="0"/>
      <line num="79" type="stmt" count="0"/>
      <line num="80" type="stmt" count="0"/>
      <line num="81" type="stmt" count="0"/>
      <line num="82" type="stmt" count="0"/>
      <line num="84" type="stmt" count="0"/>
      <line num="87" type="stmt" count="0"/>
      <line num="88" type="stmt" count="0"/>
      <line num="89" type="stmt" count="0"/>
      <line num="90" type="stmt" count="0"/>
      <line num="91" type="stmt" count="0"/>
      <line num="92" type="stmt" count="0"/>
      <line num="93" type="stmt" count="0"/>
      <metrics loc="96" ncloc="96" classes="1" methods="4" coveredmethods="2" conditionals="0" coveredconditionals="0" statements="31" coveredstatements="13" elements="35" coveredelements="15"/>
    </file>
    <file name="/home/thomas/Dev/SelfHosted-GitLab/Organizations/Formations/OpenClassrooms/php_sf/Projets/todooooo/src/DataFixtures/AppFixtures.php">
      <class name="App\DataFixtures\AppFixtures" namespace="global">
        <metrics complexity="5" methods="4" coveredmethods="0" conditionals="0" coveredconditionals="0" statements="39" coveredstatements="0" elements="43" coveredelements="0"/>
      </class>
      <line num="15" type="method" name="__construct" visibility="public" complexity="1" crap="2" count="0"/>
      <line num="18" type="stmt" count="0"/>
      <line num="20" type="method" name="load" visibility="public" complexity="1" crap="2" count="0"/>
      <line num="23" type="stmt" count="0"/>
      <line num="24" type="stmt" count="0"/>
      <line num="25" type="stmt" count="0"/>
      <line num="26" type="stmt" count="0"/>
      <line num="27" type="stmt" count="0"/>
      <line num="28" type="stmt" count="0"/>
      <line num="30" type="stmt" count="0"/>
      <line num="31" type="stmt" count="0"/>
      <line num="32" type="stmt" count="0"/>
      <line num="33" type="stmt" count="0"/>
      <line num="34" type="stmt" count="0"/>
      <line num="35" type="stmt" count="0"/>
      <line num="38" type="stmt" count="0"/>
      <line num="39" type="stmt" count="0"/>
      <line num="40" type="stmt" count="0"/>
      <line num="41" type="stmt" count="0"/>
      <line num="42" type="stmt" count="0"/>
      <line num="44" type="stmt" count="0"/>
      <line num="52" type="method" name="createUser" visibility="private" complexity="1" crap="2" count="0"/>
      <line num="58" type="stmt" count="0"/>
      <line num="59" type="stmt" count="0"/>
      <line num="60" type="stmt" count="0"/>
      <line num="61" type="stmt" count="0"/>
      <line num="62" type="stmt" count="0"/>
      <line num="63" type="stmt" count="0"/>
      <line num="64" type="stmt" count="0"/>
      <line num="65" type="stmt" count="0"/>
      <line num="66" type="stmt" count="0"/>
      <line num="67" type="stmt" count="0"/>
      <line num="69" type="stmt" count="0"/>
      <line num="71" type="stmt" count="0"/>
      <line num="79" type="method" name="createTasks" visibility="private" complexity="2" crap="6" count="0"/>
      <line num="84" type="stmt" count="0"/>
      <line num="85" type="stmt" count="0"/>
      <line num="86" type="stmt" count="0"/>
      <line num="87" type="stmt" count="0"/>
      <line num="88" type="stmt" count="0"/>
      <line num="89" type="stmt" count="0"/>
      <line num="90" type="stmt" count="0"/>
      <line num="91" type="stmt" count="0"/>
      <metrics loc="95" ncloc="82" classes="1" methods="4" coveredmethods="0" conditionals="0" coveredconditionals="0" statements="39" coveredstatements="0" elements="43" coveredelements="0"/>
    </file>
    <file name="/home/thomas/Dev/SelfHosted-GitLab/Organizations/Formations/OpenClassrooms/php_sf/Projets/todooooo/src/Entity/Task.php">
      <class name="App\Entity\Task" namespace="global">
        <metrics complexity="12" methods="12" coveredmethods="10" conditionals="0" coveredconditionals="0" statements="16" coveredstatements="13" elements="28" coveredelements="23"/>
      </class>
      <line num="59" type="method" name="__construct" visibility="public" complexity="1" crap="1" count="3"/>
      <line num="61" type="stmt" count="3"/>
      <line num="64" type="method" name="getId" visibility="public" complexity="1" crap="1" count="11"/>
      <line num="66" type="stmt" count="11"/>
      <line num="69" type="method" name="getCreatedAt" visibility="public" complexity="1" crap="2" count="0"/>
      <line num="71" type="stmt" count="0"/>
      <line num="74" type="method" name="setCreatedAt" visibility="public" complexity="1" crap="2" count="0"/>
      <line num="76" type="stmt" count="0"/>
      <line num="78" type="stmt" count="0"/>
      <line num="81" type="method" name="getTitle" visibility="public" complexity="1" crap="1" count="9"/>
      <line num="83" type="stmt" count="9"/>
      <line num="86" type="method" name="setTitle" visibility="public" complexity="1" crap="1" count="6"/>
      <line num="88" type="stmt" count="6"/>
      <line num="90" type="stmt" count="6"/>
      <line num="93" type="method" name="getContent" visibility="public" complexity="1" crap="1" count="7"/>
      <line num="95" type="stmt" count="7"/>
      <line num="98" type="method" name="setContent" visibility="public" complexity="1" crap="1" count="6"/>
      <line num="100" type="stmt" count="6"/>
      <line num="102" type="stmt" count="6"/>
      <line num="105" type="method" name="isDone" visibility="public" complexity="1" crap="1" count="4"/>
      <line num="107" type="stmt" count="4"/>
      <line num="110" type="method" name="toggle" visibility="public" complexity="1" crap="1" count="2"/>
      <line num="112" type="stmt" count="2"/>
      <line num="115" type="method" name="getUser" visibility="public" complexity="1" crap="1" count="7"/>
      <line num="117" type="stmt" count="7"/>
      <line num="123" type="method" name="setUser" visibility="public" complexity="1" crap="1" count="2"/>
      <line num="125" type="stmt" count="2"/>
      <line num="127" type="stmt" count="2"/>
      <metrics loc="130" ncloc="127" classes="1" methods="12" coveredmethods="10" conditionals="0" coveredconditionals="0" statements="16" coveredstatements="13" elements="28" coveredelements="23"/>
    </file>
    <file name="/home/thomas/Dev/SelfHosted-GitLab/Organizations/Formations/OpenClassrooms/php_sf/Projets/todooooo/src/Entity/User.php">
      <class name="App\Entity\User" namespace="global">
        <metrics complexity="11" methods="11" coveredmethods="10" conditionals="0" coveredconditionals="0" statements="16" coveredstatements="14" elements="27" coveredelements="24"/>
      </class>
      <line num="50" type="method" name="getUserIdentifier" visibility="public" complexity="1" crap="1" count="15"/>
      <line num="52" type="stmt" count="15"/>
      <line num="62" type="method" name="getRoles" visibility="public" complexity="1" crap="1" count="21"/>
      <line num="64" type="stmt" count="21"/>
      <line num="66" type="stmt" count="21"/>
      <line num="68" type="stmt" count="21"/>
      <line num="76" type="method" name="setRoles" visibility="public" complexity="1" crap="2" count="0"/>
      <line num="78" type="stmt" count="0"/>
      <line num="80" type="stmt" count="0"/>
      <line num="83" type="method" name="getId" visibility="public" complexity="1" crap="1" count="6"/>
      <line num="85" type="stmt" count="6"/>
      <line num="88" type="method" name="getUsername" visibility="public" complexity="1" crap="1" count="6"/>
      <line num="97" type="stmt" count="6"/>
      <line num="103" type="method" name="setUsername" visibility="public" complexity="1" crap="1" count="5"/>
      <line num="105" type="stmt" count="5"/>
      <line num="107" type="stmt" count="5"/>
      <line num="113" type="method" name="getPassword" visibility="public" complexity="1" crap="1" count="22"/>
      <line num="122" type="stmt" count="22"/>
      <line num="128" type="method" name="setPassword" visibility="public" complexity="1" crap="1" count="5"/>
      <line num="130" type="stmt" count="5"/>
      <line num="132" type="stmt" count="5"/>
      <line num="138" type="method" name="eraseCredentials" visibility="public" complexity="1" crap="1" count="2"/>
      <line num="144" type="stmt" count="2"/>
      <line num="146" type="method" name="getEmail" visibility="public" complexity="1" crap="1" count="6"/>
      <line num="155" type="stmt" count="6"/>
      <line num="158" type="method" name="setEmail" visibility="public" complexity="1" crap="1" count="5"/>
      <line num="160" type="stmt" count="5"/>
      <metrics loc="163" ncloc="126" classes="1" methods="11" coveredmethods="10" conditionals="0" coveredconditionals="0" statements="16" coveredstatements="14" elements="27" coveredelements="24"/>
    </file>
    <file name="/home/thomas/Dev/SelfHosted-GitLab/Organizations/Formations/OpenClassrooms/php_sf/Projets/todooooo/src/Form/TaskType.php">
      <class name="App\Form\TaskType" namespace="global">
        <metrics complexity="2" methods="2" coveredmethods="2" conditionals="0" coveredconditionals="0" statements="24" coveredstatements="24" elements="26" coveredelements="26"/>
      </class>
      <line num="24" type="method" name="buildForm" visibility="public" complexity="1" crap="1" count="6"/>
      <line num="28" type="stmt" count="6"/>
      <line num="29" type="stmt" count="6"/>
      <line num="30" type="stmt" count="6"/>
      <line num="31" type="stmt" count="6"/>
      <line num="32" type="stmt" count="6"/>
      <line num="33" type="stmt" count="6"/>
      <line num="34" type="stmt" count="6"/>
      <line num="35" type="stmt" count="6"/>
      <line num="36" type="stmt" count="6"/>
      <line num="37" type="stmt" count="6"/>
      <line num="38" type="stmt" count="6"/>
      <line num="39" type="stmt" count="6"/>
      <line num="40" type="stmt" count="6"/>
      <line num="41" type="stmt" count="6"/>
      <line num="42" type="stmt" count="6"/>
      <line num="43" type="stmt" count="6"/>
      <line num="44" type="stmt" count="6"/>
      <line num="45" type="stmt" count="6"/>
      <line num="46" type="stmt" count="6"/>
      <line num="47" type="stmt" count="6"/>
      <line num="48" type="stmt" count="6"/>
      <line num="51" type="method" name="configureOptions" visibility="public" complexity="1" crap="1" count="6"/>
      <line num="53" type="stmt" count="6"/>
      <line num="54" type="stmt" count="6"/>
      <line num="55" type="stmt" count="6"/>
      <metrics loc="58" ncloc="50" classes="1" methods="2" coveredmethods="2" conditionals="0" coveredconditionals="0" statements="24" coveredstatements="24" elements="26" coveredelements="26"/>
    </file>
    <file name="/home/thomas/Dev/SelfHosted-GitLab/Organizations/Formations/OpenClassrooms/php_sf/Projets/todooooo/src/Form/UserType.php">
      <class name="App\Form\UserType" namespace="global">
        <metrics complexity="10" methods="6" coveredmethods="6" conditionals="0" coveredconditionals="0" statements="55" coveredstatements="55" elements="61" coveredelements="61"/>
      </class>
      <line num="26" type="method" name="buildForm" visibility="public" complexity="1" crap="1" count="6"/>
      <line num="30" type="stmt" count="6"/>
      <line num="31" type="stmt" count="6"/>
      <line num="32" type="stmt" count="6"/>
      <line num="33" type="stmt" count="6"/>
      <line num="36" type="method" name="addUsernameField" visibility="private" complexity="1" crap="1" count="6"/>
      <line num="38" type="stmt" count="6"/>
      <line num="39" type="stmt" count="6"/>
      <line num="40" type="stmt" count="6"/>
      <line num="41" type="stmt" count="6"/>
      <line num="42" type="stmt" count="6"/>
      <line num="43" type="stmt" count="6"/>
      <line num="44" type="stmt" count="6"/>
      <line num="47" type="method" name="addPasswordField" visibility="private" complexity="1" crap="1" count="6"/>
      <line num="49" type="stmt" count="6"/>
      <line num="50" type="stmt" count="6"/>
      <line num="51" type="stmt" count="6"/>
      <line num="52" type="stmt" count="6"/>
      <line num="53" type="stmt" count="6"/>
      <line num="54" type="stmt" count="6"/>
      <line num="55" type="stmt" count="6"/>
      <line num="56" type="stmt" count="6"/>
      <line num="57" type="stmt" count="6"/>
      <line num="58" type="stmt" count="6"/>
      <line num="59" type="stmt" count="6"/>
      <line num="62" type="method" name="addRolesField" visibility="private" complexity="1" crap="1" count="6"/>
      <line num="64" type="stmt" count="6"/>
      <line num="65" type="stmt" count="6"/>
      <line num="66" type="stmt" count="6"/>
      <line num="67" type="stmt" count="6"/>
      <line num="68" type="stmt" count="6"/>
      <line num="69" type="stmt" count="6"/>
      <line num="70" type="stmt" count="6"/>
      <line num="71" type="stmt" count="6"/>
      <line num="72" type="stmt" count="6"/>
      <line num="73" type="stmt" count="6"/>
      <line num="74" type="stmt" count="6"/>
      <line num="77" type="method" name="addEmailField" visibility="private" complexity="1" crap="1" count="6"/>
      <line num="79" type="stmt" count="6"/>
      <line num="80" type="stmt" count="6"/>
      <line num="81" type="stmt" count="6"/>
      <line num="82" type="stmt" count="6"/>
      <line num="83" type="stmt" count="6"/>
      <line num="84" type="stmt" count="6"/>
      <line num="85" type="stmt" count="6"/>
      <line num="88" type="method" name="addRolesTransformer" visibility="private" complexity="5" crap="5" count="6"/>
      <line num="90" type="stmt" count="6"/>
      <line num="91" type="stmt" count="6"/>
      <line num="92" type="stmt" count="6"/>
      <line num="93" type="stmt" count="6"/>
      <line num="95" type="stmt" count="6"/>
      <line num="96" type="stmt" count="6"/>
      <line num="97" type="stmt" count="6"/>
      <line num="98" type="stmt" count="6"/>
      <line num="99" type="stmt" count="6"/>
      <line num="100" type="stmt" count="6"/>
      <line num="101" type="stmt" count="6"/>
      <line num="103" type="stmt" count="6"/>
      <line num="104" type="stmt" count="6"/>
      <line num="105" type="stmt" count="6"/>
      <line num="106" type="stmt" count="6"/>
      <metrics loc="109" ncloc="99" classes="1" methods="6" coveredmethods="6" conditionals="0" coveredconditionals="0" statements="55" coveredstatements="55" elements="61" coveredelements="61"/>
    </file>
    <file name="/home/thomas/Dev/SelfHosted-GitLab/Organizations/Formations/OpenClassrooms/php_sf/Projets/todooooo/src/Handler/TaskHandler.php">
      <class name="App\Handler\TaskHandler" namespace="global">
        <metrics complexity="8" methods="6" coveredmethods="6" conditionals="0" coveredconditionals="0" statements="15" coveredstatements="15" elements="21" coveredelements="21"/>
      </class>
      <line num="15" type="method" name="__construct" visibility="public" complexity="1" crap="1" count="13"/>
      <line num="19" type="stmt" count="13"/>
      <line num="21" type="method" name="saveTask" visibility="public" complexity="2" crap="2" count="2"/>
      <line num="24" type="stmt" count="2"/>
      <line num="25" type="stmt" count="1"/>
      <line num="29" type="stmt" count="2"/>
      <line num="31" type="stmt" count="2"/>
      <line num="34" type="method" name="toggleTask" visibility="public" complexity="1" crap="1" count="2"/>
      <line num="36" type="stmt" count="2"/>
      <line num="37" type="stmt" count="2"/>
      <line num="39" type="stmt" count="2"/>
      <line num="42" type="method" name="deleteTask" visibility="public" complexity="1" crap="1" count="2"/>
      <line num="44" type="stmt" count="2"/>
      <line num="50" type="method" name="getTasksForCurrentUser" visibility="public" complexity="1" crap="1" count="2"/>
      <line num="52" type="stmt" count="2"/>
      <line num="54" type="stmt" count="2"/>
      <line num="55" type="stmt" count="2"/>
      <line num="56" type="stmt" count="2"/>
      <line num="59" type="method" name="addTaskStatusFlash" visibility="private" complexity="2" crap="2" count="2"/>
      <line num="61" type="stmt" count="2"/>
      <line num="63" type="stmt" count="2"/>
      <metrics loc="66" ncloc="61" classes="1" methods="6" coveredmethods="6" conditionals="0" coveredconditionals="0" statements="15" coveredstatements="15" elements="21" coveredelements="21"/>
    </file>
    <file name="/home/thomas/Dev/SelfHosted-GitLab/Organizations/Formations/OpenClassrooms/php_sf/Projets/todooooo/src/Handler/TaskHandlerInterface.php">
      <metrics loc="47" ncloc="19" classes="0" methods="0" coveredmethods="0" conditionals="0" coveredconditionals="0" statements="0" coveredstatements="0" elements="0" coveredelements="0"/>
    </file>
    <file name="/home/thomas/Dev/SelfHosted-GitLab/Organizations/Formations/OpenClassrooms/php_sf/Projets/todooooo/src/Handler/UserHandler.php">
      <class name="App\Handler\UserHandler" namespace="global">
        <metrics complexity="4" methods="3" coveredmethods="1" conditionals="0" coveredconditionals="0" statements="7" coveredstatements="5" elements="10" coveredelements="6"/>
      </class>
      <line num="15" type="method" name="__construct" visibility="public" complexity="1" crap="1" count="6"/>
      <line num="19" type="stmt" count="6"/>
      <line num="21" type="method" name="deleteUser" visibility="public" complexity="1" crap="2" count="0"/>
      <line num="23" type="stmt" count="0"/>
      <line num="26" type="method" name="manageUser" visibility="public" complexity="2" crap="2.03" count="2"/>
      <line num="28" type="stmt" count="2"/>
      <line num="29" type="stmt" count="0"/>
      <line num="32" type="stmt" count="2"/>
      <line num="33" type="stmt" count="2"/>
      <line num="34" type="stmt" count="2"/>
      <metrics loc="37" ncloc="37" classes="1" methods="3" coveredmethods="1" conditionals="0" coveredconditionals="0" statements="7" coveredstatements="5" elements="10" coveredelements="6"/>
    </file>
    <file name="/home/thomas/Dev/SelfHosted-GitLab/Organizations/Formations/OpenClassrooms/php_sf/Projets/todooooo/src/Handler/UserHandlerInterface.php">
      <metrics loc="35" ncloc="15" classes="0" methods="0" coveredmethods="0" conditionals="0" coveredconditionals="0" statements="0" coveredstatements="0" elements="0" coveredelements="0"/>
    </file>
    <file name="/home/thomas/Dev/SelfHosted-GitLab/Organizations/Formations/OpenClassrooms/php_sf/Projets/todooooo/src/Kernel.php">
      <class name="App\Kernel" namespace="global">
        <metrics complexity="0" methods="0" coveredmethods="0" conditionals="0" coveredconditionals="0" statements="0" coveredstatements="0" elements="0" coveredelements="0"/>
      </class>
      <metrics loc="14" ncloc="14" classes="0" methods="0" coveredmethods="0" conditionals="0" coveredconditionals="0" statements="0" coveredstatements="0" elements="0" coveredelements="0"/>
    </file>
    <file name="/home/thomas/Dev/SelfHosted-GitLab/Organizations/Formations/OpenClassrooms/php_sf/Projets/todooooo/src/Repository/TaskRepository.php">
      <class name="App\Repository\TaskRepository" namespace="global">
        <metrics complexity="3" methods="3" coveredmethods="3" conditionals="0" coveredconditionals="0" statements="6" coveredstatements="6" elements="9" coveredelements="9"/>
      </class>
      <line num="24" type="method" name="__construct" visibility="public" complexity="1" crap="1" count="13"/>
      <line num="26" type="stmt" count="13"/>
      <line num="27" type="stmt" count="13"/>
      <line num="30" type="method" name="save" visibility="public" complexity="1" crap="1" count="4"/>
      <line num="32" type="stmt" count="4"/>
      <line num="33" type="stmt" count="4"/>
      <line num="36" type="method" name="remove" visibility="public" complexity="1" crap="1" count="2"/>
      <line num="38" type="stmt" count="2"/>
      <line num="39" type="stmt" count="2"/>
      <metrics loc="42" ncloc="34" classes="1" methods="3" coveredmethods="3" conditionals="0" coveredconditionals="0" statements="6" coveredstatements="6" elements="9" coveredelements="9"/>
    </file>
    <file name="/home/thomas/Dev/SelfHosted-GitLab/Organizations/Formations/OpenClassrooms/php_sf/Projets/todooooo/src/Repository/UserRepository.php">
      <class name="App\Repository\UserRepository" namespace="global">
        <metrics complexity="6" methods="5" coveredmethods="2" conditionals="0" coveredconditionals="0" statements="15" coveredstatements="4" elements="20" coveredelements="6"/>
      </class>
      <line num="27" type="method" name="__construct" visibility="public" complexity="1" crap="1" count="6"/>
      <line num="29" type="stmt" count="6"/>
      <line num="30" type="stmt" count="6"/>
      <line num="33" type="method" name="save" visibility="public" complexity="1" crap="1" count="2"/>
      <line num="35" type="stmt" count="2"/>
      <line num="36" type="stmt" count="2"/>
      <line num="39" type="method" name="remove" visibility="public" complexity="1" crap="2" count="0"/>
      <line num="41" type="stmt" count="0"/>
      <line num="42" type="stmt" count="0"/>
      <line num="49" type="method" name="upgradePassword" visibility="public" complexity="2" crap="6" count="0"/>
      <line num="53" type="stmt" count="0"/>
      <line num="54" type="stmt" count="0"/>
      <line num="55" type="stmt" count="0"/>
      <line num="56" type="stmt" count="0"/>
      <line num="57" type="stmt" count="0"/>
      <line num="58" type="stmt" count="0"/>
      <line num="61" type="stmt" count="0"/>
      <line num="62" type="stmt" count="0"/>
      <line num="65" type="method" name="findOneByRoles" visibility="public" complexity="1" crap="2" count="0"/>
      <line num="67" type="stmt" count="0"/>
      <metrics loc="70" ncloc="58" classes="1" methods="5" coveredmethods="2" conditionals="0" coveredconditionals="0" statements="15" coveredstatements="4" elements="20" coveredelements="6"/>
    </file>
    <file name="/home/thomas/Dev/SelfHosted-GitLab/Organizations/Formations/OpenClassrooms/php_sf/Projets/todooooo/src/Security/TaskVoter.php">
      <class name="App\Security\TaskVoter" namespace="global">
        <metrics complexity="6" methods="2" coveredmethods="1" conditionals="0" coveredconditionals="0" statements="10" coveredstatements="8" elements="12" coveredelements="9"/>
      </class>
      <line num="16" type="method" name="supports" visibility="protected" complexity="2" crap="2" count="13"/>
      <line num="18" type="stmt" count="13"/>
      <line num="21" type="method" name="voteOnAttribute" visibility="protected" complexity="4" crap="4.18" count="11"/>
      <line num="23" type="stmt" count="11"/>
      <line num="25" type="stmt" count="11"/>
      <line num="26" type="stmt" count="0"/>
      <line num="30" type="stmt" count="11"/>
      <line num="31" type="stmt" count="5"/>
      <line num="35" type="stmt" count="6"/>
      <line num="38" type="stmt" count="6"/>
      <line num="39" type="stmt" count="0"/>
      <line num="43" type="stmt" count="6"/>
      <metrics loc="46" ncloc="42" classes="1" methods="2" coveredmethods="1" conditionals="0" coveredconditionals="0" statements="10" coveredstatements="8" elements="12" coveredelements="9"/>
    </file>
    <metrics files="17" loc="1193" ncloc="1045" classes="14" methods="67" coveredmethods="51" conditionals="0" coveredconditionals="0" statements="283" coveredstatements="205" elements="350" coveredelements="256"/>
  </project>
</coverage>
