
2 files with changes
====================

1) ../../src/Controller/TaskController.php:76

    ---------- begin diff ----------
@@ @@
             if ($user instanceof \Symfony\Component\Security\Core\User\UserInterface) {
                 $task->setUser($user);
             }
+
             $this->entityManager->persist($task);
             $this->entityManager->flush();
             $this->addFlash(
@@ @@
                 $tasks = $taskRepository
                             ->findByUserAndStatus($user);
             }
+
             return $this->render(
                 'task/list_done.html.twig', 
                 ['tasks' => $tasks]
    ----------- end diff -----------

Applied rules:
 * NewlineAfterStatementRector


2) ../../src/Controller/UserController.php:20

    ---------- begin diff ----------
@@ @@
 final class UserController extends AbstractController
 {
     public const PASSWORD_NOT_STRING = 'Le mot de passe doit être une chaîne de caractères.';
+
     public const NOT_LOGGED_IN = 'Vous devez être connecté pour accéder à cette page.';
+
     public const NO_ROLE_ATTRIBUTED = 'Aucun rôle n\'a été attribué à l\'utilisateur.';

     public function __construct(
@@ @@
                     self::PASSWORD_NOT_STRING
                 );
             }
+
             // if no roles are set, throw an exception
             if ($user->getRoles() === []) {
                 throw new \InvalidArgumentException(
    ----------- end diff -----------

Applied rules:
 * NewlineAfterStatementRector


 [ERROR] Could not process                                                                                              
         "/home/thomas/Dev/SelfHosted-GitLab/Organizations/Formations/OpenClassrooms/php_sf/Projets/todolist/tests/Task/
         DeleteTest.php" file, due to:                                                                                  
         "System error: "Class "Symfony\Bundle\FrameworkBundle\Test\WebTestCase" not found"                             
         Run Rector with "--debug" option and post the report here: https://github.com/rectorphp/rector/issues/new". On line: 15

 [ERROR] Could not process                                                                                              
         "/home/thomas/Dev/SelfHosted-GitLab/Organizations/Formations/OpenClassrooms/php_sf/Projets/todolist/tests/Task/
         ToggleTest.php" file, due to:                                                                                  
         "System error: "Class "Symfony\Bundle\FrameworkBundle\Test\WebTestCase" not found"                             
         Run Rector with "--debug" option and post the report here: https://github.com/rectorphp/rector/issues/new". On line: 15

